0 verbose cli /usr/local/bin/node /usr/local/lib/node_modules/npm/bin/npm-cli.js
1 info using npm@11.7.0
2 info using node@v24.5.0
3 silly config load:file:/usr/local/lib/node_modules/npm/npmrc
4 silly config load:file:/Users/mac/SravaniBASE44/.npmrc
5 silly config load:file:/Users/mac/.npmrc
6 silly config load:file:/usr/local/etc/npmrc
7 verbose title npm exec tailwindcss init -p
8 verbose argv "exec" "--" "tailwindcss" "init" "-p"
9 verbose logfile logs-max:10 dir:/Users/mac/SravaniBASE44/.npm-cache/_logs/2026-01-31T07_49_52_757Z-
10 verbose logfile /Users/mac/SravaniBASE44/.npm-cache/_logs/2026-01-31T07_49_52_757Z-debug-0.log
11 silly logfile done cleaning log files
12 silly packumentCache heap:4496293888 maxSize:1124073472 maxEntrySize:562036736
13 verbose stack Error: could not determine executable to run
13 verbose stack     at getBinFromManifest (/usr/local/lib/node_modules/npm/node_modules/libnpmexec/lib/get-bin-from-manifest.js:17:23)
13 verbose stack     at exec (/usr/local/lib/node_modules/npm/node_modules/libnpmexec/lib/index.js:206:15)
13 verbose stack     at async Npm.exec (/usr/local/lib/node_modules/npm/lib/npm.js:208:9)
13 verbose stack     at async module.exports (/usr/local/lib/node_modules/npm/lib/cli/entry.js:67:5)
14 verbose pkgid tailwindcss@4.1.18
15 error could not determine executable to run
16 verbose cwd /Users/mac/SravaniBASE44
17 verbose os Darwin 24.6.0
18 verbose node v24.5.0
19 verbose npm  v11.7.0
20 verbose exit 1
21 verbose code 1
22 error A complete log of this run can be found in: /Users/mac/SravaniBASE44/.npm-cache/_logs/2026-01-31T07_49_52_757Z-debug-0.log
