0 verbose cli /usr/local/bin/node /usr/local/bin/npm
1 info using npm@11.7.0
2 info using node@v24.5.0
3 silly config load:file:/usr/local/lib/node_modules/npm/npmrc
4 silly config load:file:/Users/mac/SravaniBASE44/.npmrc
5 silly config load:file:/Users/mac/.npmrc
6 silly config load:file:/usr/local/etc/npmrc
7 verbose title npm install react-router-dom
8 verbose argv "install" "react-router-dom"
9 verbose logfile logs-max:10 dir:/Users/mac/SravaniBASE44/.npm-cache/_logs/2026-01-31T07_53_09_066Z-
10 verbose logfile /Users/mac/SravaniBASE44/.npm-cache/_logs/2026-01-31T07_53_09_066Z-debug-0.log
11 silly logfile done cleaning log files
12 silly packumentCache heap:4496293888 maxSize:1124073472 maxEntrySize:562036736
13 silly idealTree buildDeps
14 silly fetch manifest react-router-dom@*
15 silly packumentCache full:https://registry.npmjs.org/react-router-dom cache-miss
16 http fetch GET 200 https://registry.npmjs.org/react-router-dom 290ms (cache miss)
17 silly packumentCache full:https://registry.npmjs.org/react-router-dom set size:undefined disposed:false
18 silly fetch manifest react@^19.2.0
19 silly packumentCache full:https://registry.npmjs.org/react cache-miss
20 http cache https://registry.npmjs.org/react 63ms (cache hit)
21 silly packumentCache full:https://registry.npmjs.org/react set size:6438906 disposed:false
22 silly fetch manifest react-dom@^19.2.0
23 silly packumentCache full:https://registry.npmjs.org/react-dom cache-miss
24 http cache https://registry.npmjs.org/react-dom 22ms (cache hit)
25 silly packumentCache full:https://registry.npmjs.org/react-dom set size:8506047 disposed:false
26 silly placeDep ROOT react-router-dom@7.13.0 OK for: temp-app@0.0.0 want: *
27 silly fetch manifest react-router@7.13.0
28 silly packumentCache full:https://registry.npmjs.org/react-router cache-miss
29 http fetch GET 200 https://registry.npmjs.org/react-router 130ms (cache miss)
30 silly packumentCache full:https://registry.npmjs.org/react-router set size:undefined disposed:false
31 silly fetch manifest react@>=18
32 silly packumentCache full:https://registry.npmjs.org/react cache-miss
33 http cache https://registry.npmjs.org/react 21ms (cache hit)
34 silly packumentCache full:https://registry.npmjs.org/react set size:6438906 disposed:false
35 silly fetch manifest react-dom@>=18
36 silly packumentCache full:https://registry.npmjs.org/react-dom cache-miss
37 http cache https://registry.npmjs.org/react-dom 20ms (cache hit)
38 silly packumentCache full:https://registry.npmjs.org/react-dom set size:8506047 disposed:false
39 silly placeDep ROOT react-router@7.13.0 OK for: react-router-dom@7.13.0 want: 7.13.0
40 silly fetch manifest cookie@^1.0.1
41 silly packumentCache full:https://registry.npmjs.org/cookie cache-miss
42 silly fetch manifest set-cookie-parser@^2.6.0
43 silly packumentCache full:https://registry.npmjs.org/set-cookie-parser cache-miss
44 http fetch GET 200 https://registry.npmjs.org/set-cookie-parser 178ms (cache miss)
45 silly packumentCache full:https://registry.npmjs.org/set-cookie-parser set size:undefined disposed:false
46 http fetch GET 200 https://registry.npmjs.org/cookie 313ms (cache miss)
47 silly packumentCache full:https://registry.npmjs.org/cookie set size:undefined disposed:false
48 silly placeDep ROOT cookie@1.1.1 OK for: react-router@7.13.0 want: ^1.0.1
49 silly placeDep ROOT set-cookie-parser@2.7.2 OK for: react-router@7.13.0 want: ^2.6.0
50 silly reify moves {}
51 silly audit bulk request {
51 silly audit   '@babel/code-frame': [ '7.28.6' ],
51 silly audit   '@babel/compat-data': [ '7.28.6' ],
51 silly audit   '@babel/core': [ '7.28.6' ],
51 silly audit   '@babel/generator': [ '7.28.6' ],
51 silly audit   '@babel/helper-compilation-targets': [ '7.28.6' ],
51 silly audit   '@babel/helper-globals': [ '7.28.0' ],
51 silly audit   '@babel/helper-module-imports': [ '7.28.6' ],
51 silly audit   '@babel/helper-module-transforms': [ '7.28.6' ],
51 silly audit   '@babel/helper-plugin-utils': [ '7.28.6' ],
51 silly audit   '@babel/helper-string-parser': [ '7.27.1' ],
51 silly audit   '@babel/helper-validator-identifier': [ '7.28.5' ],
51 silly audit   '@babel/helper-validator-option': [ '7.27.1' ],
51 silly audit   '@babel/helpers': [ '7.28.6' ],
51 silly audit   '@babel/parser': [ '7.28.6' ],
51 silly audit   '@babel/plugin-transform-react-jsx-self': [ '7.27.1' ],
51 silly audit   '@babel/plugin-transform-react-jsx-source': [ '7.27.1' ],
51 silly audit   '@babel/template': [ '7.28.6' ],
51 silly audit   '@babel/traverse': [ '7.28.6' ],
51 silly audit   '@babel/types': [ '7.28.6' ],
51 silly audit   '@esbuild/aix-ppc64': [ '0.27.2' ],
51 silly audit   '@esbuild/android-arm': [ '0.27.2' ],
51 silly audit   '@esbuild/android-arm64': [ '0.27.2' ],
51 silly audit   '@esbuild/android-x64': [ '0.27.2' ],
51 silly audit   '@esbuild/darwin-arm64': [ '0.27.2' ],
51 silly audit   '@esbuild/darwin-x64': [ '0.27.2' ],
51 silly audit   '@esbuild/freebsd-arm64': [ '0.27.2' ],
51 silly audit   '@esbuild/freebsd-x64': [ '0.27.2' ],
51 silly audit   '@esbuild/linux-arm': [ '0.27.2' ],
51 silly audit   '@esbuild/linux-arm64': [ '0.27.2' ],
51 silly audit   '@esbuild/linux-ia32': [ '0.27.2' ],
51 silly audit   '@esbuild/linux-loong64': [ '0.27.2' ],
51 silly audit   '@esbuild/linux-mips64el': [ '0.27.2' ],
51 silly audit   '@esbuild/linux-ppc64': [ '0.27.2' ],
51 silly audit   '@esbuild/linux-riscv64': [ '0.27.2' ],
51 silly audit   '@esbuild/linux-s390x': [ '0.27.2' ],
51 silly audit   '@esbuild/linux-x64': [ '0.27.2' ],
51 silly audit   '@esbuild/netbsd-arm64': [ '0.27.2' ],
51 silly audit   '@esbuild/netbsd-x64': [ '0.27.2' ],
51 silly audit   '@esbuild/openbsd-arm64': [ '0.27.2' ],
51 silly audit   '@esbuild/openbsd-x64': [ '0.27.2' ],
51 silly audit   '@esbuild/openharmony-arm64': [ '0.27.2' ],
51 silly audit   '@esbuild/sunos-x64': [ '0.27.2' ],
51 silly audit   '@esbuild/win32-arm64': [ '0.27.2' ],
51 silly audit   '@esbuild/win32-ia32': [ '0.27.2' ],
51 silly audit   '@esbuild/win32-x64': [ '0.27.2' ],
51 silly audit   '@eslint-community/eslint-utils': [ '4.9.1' ],
51 silly audit   'eslint-visitor-keys': [ '3.4.3', '4.2.1' ],
51 silly audit   '@eslint-community/regexpp': [ '4.12.2' ],
51 silly audit   '@eslint/config-array': [ '0.21.1' ],
51 silly audit   '@eslint/config-helpers': [ '0.4.2' ],
51 silly audit   '@eslint/core': [ '0.17.0' ],
51 silly audit   '@eslint/eslintrc': [ '3.3.3' ],
51 silly audit   globals: [ '14.0.0', '16.5.0' ],
51 silly audit   '@eslint/js': [ '9.39.2' ],
51 silly audit   '@eslint/object-schema': [ '2.1.7' ],
51 silly audit   '@eslint/plugin-kit': [ '0.4.1' ],
51 silly audit   '@humanfs/core': [ '0.19.1' ],
51 silly audit   '@humanfs/node': [ '0.16.7' ],
51 silly audit   '@humanwhocodes/module-importer': [ '1.0.1' ],
51 silly audit   '@humanwhocodes/retry': [ '0.4.3' ],
51 silly audit   '@jridgewell/gen-mapping': [ '0.3.13' ],
51 silly audit   '@jridgewell/remapping': [ '2.3.5' ],
51 silly audit   '@jridgewell/resolve-uri': [ '3.1.2' ],
51 silly audit   '@jridgewell/sourcemap-codec': [ '1.5.5' ],
51 silly audit   '@jridgewell/trace-mapping': [ '0.3.31' ],
51 silly audit   '@rolldown/pluginutils': [ '1.0.0-beta.53' ],
51 silly audit   '@rollup/rollup-android-arm-eabi': [ '4.57.1' ],
51 silly audit   '@rollup/rollup-android-arm64': [ '4.57.1' ],
51 silly audit   '@rollup/rollup-darwin-arm64': [ '4.57.1' ],
51 silly audit   '@rollup/rollup-darwin-x64': [ '4.57.1' ],
51 silly audit   '@rollup/rollup-freebsd-arm64': [ '4.57.1' ],
51 silly audit   '@rollup/rollup-freebsd-x64': [ '4.57.1' ],
51 silly audit   '@rollup/rollup-linux-arm-gnueabihf': [ '4.57.1' ],
51 silly audit   '@rollup/rollup-linux-arm-musleabihf': [ '4.57.1' ],
51 silly audit   '@rollup/rollup-linux-arm64-gnu': [ '4.57.1' ],
51 silly audit   '@rollup/rollup-linux-arm64-musl': [ '4.57.1' ],
51 silly audit   '@rollup/rollup-linux-loong64-gnu': [ '4.57.1' ],
51 silly audit   '@rollup/rollup-linux-loong64-musl': [ '4.57.1' ],
51 silly audit   '@rollup/rollup-linux-ppc64-gnu': [ '4.57.1' ],
51 silly audit   '@rollup/rollup-linux-ppc64-musl': [ '4.57.1' ],
51 silly audit   '@rollup/rollup-linux-riscv64-gnu': [ '4.57.1' ],
51 silly audit   '@rollup/rollup-linux-riscv64-musl': [ '4.57.1' ],
51 silly audit   '@rollup/rollup-linux-s390x-gnu': [ '4.57.1' ],
51 silly audit   '@rollup/rollup-linux-x64-gnu': [ '4.57.1' ],
51 silly audit   '@rollup/rollup-linux-x64-musl': [ '4.57.1' ],
51 silly audit   '@rollup/rollup-openbsd-x64': [ '4.57.1' ],
51 silly audit   '@rollup/rollup-openharmony-arm64': [ '4.57.1' ],
51 silly audit   '@rollup/rollup-win32-arm64-msvc': [ '4.57.1' ],
51 silly audit   '@rollup/rollup-win32-ia32-msvc': [ '4.57.1' ],
51 silly audit   '@rollup/rollup-win32-x64-gnu': [ '4.57.1' ],
51 silly audit   '@rollup/rollup-win32-x64-msvc': [ '4.57.1' ],
51 silly audit   '@types/babel__core': [ '7.20.5' ],
51 silly audit   '@types/babel__generator': [ '7.27.0' ],
51 silly audit   '@types/babel__template': [ '7.4.4' ],
51 silly audit   '@types/babel__traverse': [ '7.28.0' ],
51 silly audit   '@types/estree': [ '1.0.8' ],
51 silly audit   '@types/json-schema': [ '7.0.15' ],
51 silly audit   '@types/react': [ '19.2.10' ],
51 silly audit   '@types/react-dom': [ '19.2.3' ],
51 silly audit   '@vitejs/plugin-react': [ '5.1.2' ],
51 silly audit   acorn: [ '8.15.0' ],
51 silly audit   'acorn-jsx': [ '5.3.2' ],
51 silly audit   ajv: [ '6.12.6' ],
51 silly audit   'ansi-styles': [ '4.3.0' ],
51 silly audit   argparse: [ '2.0.1' ],
51 silly audit   autoprefixer: [ '10.4.24' ],
51 silly audit   'balanced-match': [ '1.0.2' ],
51 silly audit   'baseline-browser-mapping': [ '2.9.19' ],
51 silly audit   'brace-expansion': [ '1.1.12' ],
51 silly audit   browserslist: [ '4.28.1' ],
51 silly audit   callsites: [ '3.1.0' ],
51 silly audit   'caniuse-lite': [ '1.0.30001766' ],
51 silly audit   chalk: [ '4.1.2' ],
51 silly audit   'class-variance-authority': [ '0.7.1' ],
51 silly audit   clsx: [ '2.1.1' ],
51 silly audit   'color-convert': [ '2.0.1' ],
51 silly audit   'color-name': [ '1.1.4' ],
51 silly audit   'concat-map': [ '0.0.1' ],
51 silly audit   'convert-source-map': [ '2.0.0' ],
51 silly audit   'cross-spawn': [ '7.0.6' ],
51 silly audit   csstype: [ '3.2.3' ],
51 silly audit   debug: [ '4.4.3' ],
51 silly audit   'deep-is': [ '0.1.4' ],
51 silly audit   'electron-to-chromium': [ '1.5.283' ],
51 silly audit   esbuild: [ '0.27.2' ],
51 silly audit   escalade: [ '3.2.0' ],
51 silly audit   'escape-string-regexp': [ '4.0.0' ],
51 silly audit   eslint: [ '9.39.2' ],
51 silly audit   'eslint-plugin-react-hooks': [ '7.0.1' ],
51 silly audit   'eslint-plugin-react-refresh': [ '0.4.26' ],
51 silly audit   'eslint-scope': [ '8.4.0' ],
51 silly audit   espree: [ '10.4.0' ],
51 silly audit   esquery: [ '1.7.0' ],
51 silly audit   esrecurse: [ '4.3.0' ],
51 silly audit   estraverse: [ '5.3.0' ],
51 silly audit   esutils: [ '2.0.3' ],
51 silly audit   'fast-deep-equal': [ '3.1.3' ],
51 silly audit   'fast-json-stable-stringify': [ '2.1.0' ],
51 silly audit   'fast-levenshtein': [ '2.0.6' ],
51 silly audit   fdir: [ '6.5.0' ],
51 silly audit   'file-entry-cache': [ '8.0.0' ],
51 silly audit   'find-up': [ '5.0.0' ],
51 silly audit   'flat-cache': [ '4.0.1' ],
51 silly audit   flatted: [ '3.3.3' ],
51 silly audit   'fraction.js': [ '5.3.4' ],
51 silly audit   fsevents: [ '2.3.3' ],
51 silly audit   gensync: [ '1.0.0-beta.2' ],
51 silly audit   'glob-parent': [ '6.0.2' ],
51 silly audit   'has-flag': [ '4.0.0' ],
51 silly audit   'hermes-estree': [ '0.25.1' ],
51 silly audit   'hermes-parser': [ '0.25.1' ],
51 silly audit   ignore: [ '5.3.2' ],
51 silly audit   'import-fresh': [ '3.3.1' ],
51 silly audit   imurmurhash: [ '0.1.4' ],
51 silly audit   'is-extglob': [ '2.1.1' ],
51 silly audit   'is-glob': [ '4.0.3' ],
51 silly audit   isexe: [ '2.0.0' ],
51 silly audit   'js-tokens': [ '4.0.0' ],
51 silly audit   'js-yaml': [ '4.1.1' ],
51 silly audit   jsesc: [ '3.1.0' ],
51 silly audit   'json-buffer': [ '3.0.1' ],
51 silly audit   'json-schema-traverse': [ '0.4.1' ],
51 silly audit   'json-stable-stringify-without-jsonify': [ '1.0.1' ],
51 silly audit   json5: [ '2.2.3' ],
51 silly audit   keyv: [ '4.5.4' ],
51 silly audit   levn: [ '0.4.1' ],
51 silly audit   'locate-path': [ '6.0.0' ],
51 silly audit   'lodash.merge': [ '4.6.2' ],
51 silly audit   'lru-cache': [ '5.1.1' ],
51 silly audit   'lucide-react': [ '0.563.0' ],
51 silly audit   minimatch: [ '3.1.2' ],
51 silly audit   ms: [ '2.1.3' ],
51 silly audit   nanoid: [ '3.3.11' ],
51 silly audit   'natural-compare': [ '1.4.0' ],
51 silly audit   'node-releases': [ '2.0.27' ],
51 silly audit   optionator: [ '0.9.4' ],
51 silly audit   'p-limit': [ '3.1.0' ],
51 silly audit   'p-locate': [ '5.0.0' ],
51 silly audit   'parent-module': [ '1.0.1' ],
51 silly audit   'path-exists': [ '4.0.0' ],
51 silly audit   'path-key': [ '3.1.1' ],
51 silly audit   picocolors: [ '1.1.1' ],
51 silly audit   picomatch: [ '4.0.3' ],
51 silly audit   postcss: [ '8.5.6' ],
51 silly audit   'postcss-value-parser': [ '4.2.0' ],
51 silly audit   'prelude-ls': [ '1.2.1' ],
51 silly audit   punycode: [ '2.3.1' ],
51 silly audit   react: [ '19.2.4' ],
51 silly audit   'react-dom': [ '19.2.4' ],
51 silly audit   'react-refresh': [ '0.18.0' ],
51 silly audit   'resolve-from': [ '4.0.0' ],
51 silly audit   rollup: [ '4.57.1' ],
51 silly audit   scheduler: [ '0.27.0' ],
51 silly audit   semver: [ '6.3.1' ],
51 silly audit   'shebang-command': [ '2.0.0' ],
51 silly audit   'shebang-regex': [ '3.0.0' ],
51 silly audit   'source-map-js': [ '1.2.1' ],
51 silly audit   'strip-json-comments': [ '3.1.1' ],
51 silly audit   'supports-color': [ '7.2.0' ],
51 silly audit   'tailwind-merge': [ '3.4.0' ],
51 silly audit   tailwindcss: [ '4.1.18' ],
51 silly audit   'tailwindcss-animate': [ '1.0.7' ],
51 silly audit   tinyglobby: [ '0.2.15' ],
51 silly audit   'type-check': [ '0.4.0' ],
51 silly audit   'update-browserslist-db': [ '1.2.3' ],
51 silly audit   'uri-js': [ '4.4.1' ],
51 silly audit   vite: [ '7.3.1' ],
51 silly audit   which: [ '2.0.2' ],
51 silly audit   'word-wrap': [ '1.2.5' ],
51 silly audit   yallist: [ '3.1.1' ],
51 silly audit   'yocto-queue': [ '0.1.0' ],
51 silly audit   zod: [ '4.3.6' ],
51 silly audit   'zod-validation-error': [ '4.0.2' ],
51 silly audit   'react-router-dom': [ '7.13.0' ],
51 silly audit   'react-router': [ '7.13.0' ],
51 silly audit   cookie: [ '1.1.1' ],
51 silly audit   'set-cookie-parser': [ '2.7.2' ]
51 silly audit }
52 http cache set-cookie-parser@https://registry.npmjs.org/set-cookie-parser/-/set-cookie-parser-2.7.2.tgz 0ms (cache hit)
53 http cache react-router@https://registry.npmjs.org/react-router/-/react-router-7.13.0.tgz 0ms (cache hit)
54 http cache cookie@https://registry.npmjs.org/cookie/-/cookie-1.1.1.tgz 0ms (cache hit)
55 http cache react-router-dom@https://registry.npmjs.org/react-router-dom/-/react-router-dom-7.13.0.tgz 0ms (cache hit)
56 silly tarball no local data for set-cookie-parser@https://registry.npmjs.org/set-cookie-parser/-/set-cookie-parser-2.7.2.tgz. Extracting by manifest.
57 silly tarball no local data for react-router@https://registry.npmjs.org/react-router/-/react-router-7.13.0.tgz. Extracting by manifest.
58 silly tarball no local data for cookie@https://registry.npmjs.org/cookie/-/cookie-1.1.1.tgz. Extracting by manifest.
59 silly tarball no local data for react-router-dom@https://registry.npmjs.org/react-router-dom/-/react-router-dom-7.13.0.tgz. Extracting by manifest.
60 http fetch GET 200 https://registry.npmjs.org/set-cookie-parser/-/set-cookie-parser-2.7.2.tgz 74ms (cache miss)
61 http fetch GET 200 https://registry.npmjs.org/react-router-dom/-/react-router-dom-7.13.0.tgz 164ms (cache miss)
62 http fetch GET 200 https://registry.npmjs.org/cookie/-/cookie-1.1.1.tgz 179ms (cache miss)
63 http fetch GET 200 https://registry.npmjs.org/react-router/-/react-router-7.13.0.tgz 403ms (cache miss)
64 http fetch POST 200 https://registry.npmjs.org/-/npm/v1/security/advisories/bulk 509ms
65 silly audit report {}
66 silly ADD node_modules/set-cookie-parser
67 silly ADD node_modules/cookie
68 silly ADD node_modules/react-router
69 silly ADD node_modules/react-router-dom
70 verbose cwd /Users/mac/SravaniBASE44
71 verbose os Darwin 24.6.0
72 verbose node v24.5.0
73 verbose npm  v11.7.0
74 verbose exit 0
75 info ok
