0 verbose cli /usr/local/bin/node /usr/local/lib/node_modules/npm/bin/npm-cli.js
1 info using npm@11.7.0
2 info using node@v24.5.0
3 silly config load:file:/usr/local/lib/node_modules/npm/npmrc
4 silly config load:file:/Users/mac/.npmrc
5 silly config load:file:/usr/local/etc/npmrc
6 verbose title npm exec create-vite@latest . --template react
7 verbose argv "exec" "--yes" "--" "create-vite@latest" "." "--template" "react"
8 verbose logfile logs-max:10 dir:/Users/mac/SravaniBASE44/.npm-cache/_logs/2026-01-31T07_47_54_811Z-
9 verbose logfile /Users/mac/SravaniBASE44/.npm-cache/_logs/2026-01-31T07_47_54_811Z-debug-0.log
10 silly logfile done cleaning log files
11 silly packumentCache heap:4496293888 maxSize:1124073472 maxEntrySize:562036736
12 verbose shrinkwrap failed to load node_modules/.package-lock.json out of date, updated: node_modules
13 http fetch GET 200 https://registry.npmjs.org/npm 244ms
14 http fetch GET 200 https://registry.npmjs.org/create-vite 1100ms (cache miss)
15 silly packumentCache heap:4496293888 maxSize:1124073472 maxEntrySize:562036736
16 silly packumentCache heap:4496293888 maxSize:1124073472 maxEntrySize:562036736
17 silly idealTree buildDeps
18 silly fetch manifest create-vite@8.2.0
19 silly packumentCache full:https://registry.npmjs.org/create-vite cache-miss
20 http fetch GET 200 https://registry.npmjs.org/create-vite 291ms (cache miss)
21 silly packumentCache full:https://registry.npmjs.org/create-vite set size:undefined disposed:false
22 silly placeDep ROOT create-vite@8.2.0 OK for:  want: 8.2.0
23 silly reify moves {}
24 silly audit bulk request { 'create-vite': [ '8.2.0' ] }
25 http cache create-vite@https://registry.npmjs.org/create-vite/-/create-vite-8.2.0.tgz 0ms (cache hit)
26 silly tarball no local data for create-vite@https://registry.npmjs.org/create-vite/-/create-vite-8.2.0.tgz. Extracting by manifest.
27 http fetch GET 200 https://registry.npmjs.org/create-vite/-/create-vite-8.2.0.tgz 104ms (cache miss)
28 http fetch POST 200 https://registry.npmjs.org/-/npm/v1/security/advisories/bulk 255ms
29 silly audit report {}
30 verbose cwd /Users/mac/SravaniBASE44
31 verbose os Darwin 24.6.0
32 verbose node v24.5.0
33 verbose npm  v11.7.0
34 notice
34 notice New minor version of npm available! 11.7.0 -> 11.8.0
34 notice Changelog: https://github.com/npm/cli/releases/tag/v11.8.0
34 notice To update run: npm install -g npm@11.8.0
34 notice  { force: true, Symbol(proc-log.meta): true }
35 verbose exit 0
36 info ok
